Detecting C compiler ABI info failed to compile with the following output:
Change Dir: /Users/hoseinnahari/CLionProjects/AVR/keypad_7seg/cmake-build-default-avr/CMakeFiles/CMakeScratch/TryCompile-wfWunq

Run Build Command(s):/usr/bin/make -f Makefile cmTC_19938/fast && /Applications/Xcode.app/Contents/Developer/usr/bin/make  -f CMakeFiles/cmTC_19938.dir/build.make CMakeFiles/cmTC_19938.dir/build
Building C object CMakeFiles/cmTC_19938.dir/CMakeCCompilerABI.c.obj
/Applications/Xcode.app/Contents/Developer/Toolchains/XcodeDefault.xctoolchain/usr/bin/cc   -fcolor-diagnostics   -v -MD -MT CMakeFiles/cmTC_19938.dir/CMakeCCompilerABI.c.obj -MF CMakeFiles/cmTC_19938.dir/CMakeCCompilerABI.c.obj.d -o CMakeFiles/cmTC_19938.dir/CMakeCCompilerABI.c.obj -c "/Users/hoseinnahari/Library/Application Support/JetBrains/Toolbox/apps/CLion/ch-0/231.8109.222/CLion.app/Contents/bin/cmake/mac/share/cmake-3.25/Modules/CMakeCCompilerABI.c"
Apple clang version 14.0.0 (clang-1400.0.29.202)
Target: x86_64-apple-darwin22.5.0
Thread model: posix
InstalledDir: /Applications/Xcode.app/Contents/Developer/Toolchains/XcodeDefault.xctoolchain/usr/bin
 "/Applications/Xcode.app/Contents/Developer/Toolchains/XcodeDefault.xctoolchain/usr/bin/clang" -cc1 -triple x86_64-apple-macosx13.0.0 -Wundef-prefix=TARGET_OS_ -Wdeprecated-objc-isa-usage -Werror=deprecated-objc-isa-usage -Werror=implicit-function-declaration -emit-obj -mrelax-all --mrelax-relocations -disable-free -clear-ast-before-backend -disable-llvm-verifier -discard-value-names -main-file-name CMakeCCompilerABI.c -mrelocation-model pic -pic-level 2 -mframe-pointer=all -fno-strict-return -fno-rounding-math -funwind-tables=2 -fcompatibility-qualified-id-block-type-checking -fvisibility-inlines-hidden-static-local-var -target-cpu penryn -tune-cpu generic -debugger-tuning=lldb -target-linker-version 820.1 -v -resource-dir /Applications/Xcode.app/Contents/Developer/Toolchains/XcodeDefault.xctoolchain/usr/lib/clang/14.0.0 -dependency-file CMakeFiles/cmTC_19938.dir/CMakeCCompilerABI.c.obj.d -skip-unused-modulemap-deps -MT CMakeFiles/cmTC_19938.dir/CMakeCCompilerABI.c.obj -sys-header-deps -internal-isystem /usr/local/include -internal-isystem /Applications/Xcode.app/Contents/Developer/Toolchains/XcodeDefault.xctoolchain/usr/lib/clang/14.0.0/include -internal-externc-isystem /usr/include -internal-externc-isystem /Applications/Xcode.app/Contents/Developer/Toolchains/XcodeDefault.xctoolchain/usr/include -Wno-reorder-init-list -Wno-implicit-int-float-conversion -Wno-c99-designator -Wno-final-dtor-non-final-class -Wno-extra-semi-stmt -Wno-misleading-indentation -Wno-quoted-include-in-framework-header -Wno-implicit-fallthrough -Wno-enum-enum-conversion -Wno-enum-float-conversion -Wno-elaborated-enum-base -Wno-reserved-identifier -Wno-gnu-folding-constant -Wno-cast-function-type -Wno-bitwise-instead-of-logical -fdebug-compilation-dir=/Users/hoseinnahari/CLionProjects/AVR/keypad_7seg/cmake-build-default-avr/CMakeFiles/CMakeScratch/TryCompile-wfWunq -ferror-limit 19 -stack-protector 1 -fstack-check -mdarwin-stkchk-strong-link -fblocks -fencode-extended-block-signature -fregister-global-dtors-with-atexit -fgnuc-version=4.2.1 -fmax-type-align=16 -fcommon -fcolor-diagnostics -clang-vendor-feature=+messageToSelfInClassMethodIdReturnType -clang-vendor-feature=+disableInferNewAvailabilityFromInit -clang-vendor-feature=+disableNonDependentMemberExprInCurrentInstantiation -fno-odr-hash-protocols -clang-vendor-feature=+enableAggressiveVLAFolding -clang-vendor-feature=+revert09abecef7bbf -clang-vendor-feature=+thisNoAlignAttr -clang-vendor-feature=+thisNoNullAttr -mllvm -disable-aligned-alloc-awareness=1 -D__GCC_HAVE_DWARF2_CFI_ASM=1 -o CMakeFiles/cmTC_19938.dir/CMakeCCompilerABI.c.obj -x c "/Users/hoseinnahari/Library/Application Support/JetBrains/Toolbox/apps/CLion/ch-0/231.8109.222/CLion.app/Contents/bin/cmake/mac/share/cmake-3.25/Modules/CMakeCCompilerABI.c"
clang -cc1 version 14.0.0 (clang-1400.0.29.202) default target x86_64-apple-darwin22.5.0
ignoring nonexistent directory "/usr/include"
#include "..." search starts here:
#include <...> search starts here:
 /usr/local/include
 /Applications/Xcode.app/Contents/Developer/Toolchains/XcodeDefault.xctoolchain/usr/lib/clang/14.0.0/include
 /Applications/Xcode.app/Contents/Developer/Toolchains/XcodeDefault.xctoolchain/usr/include
 /System/Library/Frameworks (framework directory)
 /Library/Frameworks (framework directory)
End of search list.
Linking C executable cmTC_19938
"/Users/hoseinnahari/Library/Application Support/JetBrains/Toolbox/apps/CLion/ch-0/231.8109.222/CLion.app/Contents/bin/cmake/mac/bin/cmake" -E cmake_link_script CMakeFiles/cmTC_19938.dir/link.txt --verbose=1
/Applications/Xcode.app/Contents/Developer/Toolchains/XcodeDefault.xctoolchain/usr/bin/cc  -v CMakeFiles/cmTC_19938.dir/CMakeCCompilerABI.c.obj -o cmTC_19938 
Apple clang version 14.0.0 (clang-1400.0.29.202)
Target: x86_64-apple-darwin22.5.0
Thread model: posix
InstalledDir: /Applications/Xcode.app/Contents/Developer/Toolchains/XcodeDefault.xctoolchain/usr/bin
 "/Applications/Xcode.app/Contents/Developer/Toolchains/XcodeDefault.xctoolchain/usr/bin/ld" -demangle -lto_library /Applications/Xcode.app/Contents/Developer/Toolchains/XcodeDefault.xctoolchain/usr/lib/libLTO.dylib -dynamic -arch x86_64 -platform_version macos 13.0.0 13.0.0 -o cmTC_19938 CMakeFiles/cmTC_19938.dir/CMakeCCompilerABI.c.obj -lSystem /Applications/Xcode.app/Contents/Developer/Toolchains/XcodeDefault.xctoolchain/usr/lib/clang/14.0.0/lib/darwin/libclang_rt.osx.a
ld: library not found for -lSystem
clang: error: linker command failed with exit code 1 (use -v to see invocation)
make[1]: *** [cmTC_19938] Error 1
make: *** [cmTC_19938/fast] Error 2




Determining if the C compiler works failed with the following output:
Change Dir: /Users/hoseinnahari/CLionProjects/AVR/keypad_7seg/cmake-build-default-avr/CMakeFiles/CMakeScratch/TryCompile-C9U4n9

Run Build Command(s):/usr/bin/make -f Makefile cmTC_e2bcd/fast && /Applications/Xcode.app/Contents/Developer/usr/bin/make  -f CMakeFiles/cmTC_e2bcd.dir/build.make CMakeFiles/cmTC_e2bcd.dir/build
Building C object CMakeFiles/cmTC_e2bcd.dir/testCCompiler.c.obj
/Applications/Xcode.app/Contents/Developer/Toolchains/XcodeDefault.xctoolchain/usr/bin/cc   -fcolor-diagnostics -MD -MT CMakeFiles/cmTC_e2bcd.dir/testCCompiler.c.obj -MF CMakeFiles/cmTC_e2bcd.dir/testCCompiler.c.obj.d -o CMakeFiles/cmTC_e2bcd.dir/testCCompiler.c.obj -c /Users/hoseinnahari/CLionProjects/AVR/keypad_7seg/cmake-build-default-avr/CMakeFiles/CMakeScratch/TryCompile-C9U4n9/testCCompiler.c
Linking C executable cmTC_e2bcd
"/Users/hoseinnahari/Library/Application Support/JetBrains/Toolbox/apps/CLion/ch-0/231.8109.222/CLion.app/Contents/bin/cmake/mac/bin/cmake" -E cmake_link_script CMakeFiles/cmTC_e2bcd.dir/link.txt --verbose=1
/Applications/Xcode.app/Contents/Developer/Toolchains/XcodeDefault.xctoolchain/usr/bin/cc CMakeFiles/cmTC_e2bcd.dir/testCCompiler.c.obj -o cmTC_e2bcd 
ld: library not found for -lSystem
clang: error: linker command failed with exit code 1 (use -v to see invocation)
make[1]: *** [cmTC_e2bcd] Error 1
make: *** [cmTC_e2bcd/fast] Error 2



